DEBUG - Evaluo primera condicion...
DEBUG - Evaluo primera condicion...
DEBUG - Evaluo primera condicion...
DEBUG - Soy el usuario: []
DEBUG - ¿Estoy loggeado: ?false
DEBUG - HE ENTRADO EN LA PRIMERA CONDICION
DEBUG - Evaluo primera condicion...
DEBUG - Soy el usuario: []
DEBUG - ¿Estoy loggeado: ?false
DEBUG - HE ENTRADO EN LA PRIMERA CONDICION
DEBUG - Evaluo primera condicion...
DEBUG - Soy el usuario: [admin]
DEBUG - ¿Estoy loggeado: ?false
DEBUG - Evaluo segunda condicion...
DEBUG - Usuario argumento pasado: [pepe]
DEBUG - Evaluo primera condicion...
DEBUG - Soy el usuario: [admin]
DEBUG - ¿Estoy loggeado: ?false
DEBUG - Evaluo segunda condicion...
DEBUG - Usuario argumento pasado: [pepe]
DEBUG - HE ENTRADO EN LA SEGUNDA CONDICION
DEBUG - Evaluo primera condicion...
DEBUG - Soy el usuario: [admin]
DEBUG - ¿Estoy loggeado: ?false
DEBUG - Evaluo segunda condicion...
DEBUG - Usuario argumento pasado: [pepe]
DEBUG - HE ENTRADO EN LA SEGUNDA CONDICION
DEBUG - Evaluo primera condicion...
DEBUG - Soy el usuario: [admin]
DEBUG - ¿Estoy loggeado: ?false
DEBUG - Evaluo segunda condicion...
DEBUG - Usuario argumento pasado: [juan]
DEBUG - HE ENTRADO EN LA SEGUNDA CONDICION
DEBUG - Evaluo primera condicion...
DEBUG - Soy el usuario: [admin]
DEBUG - ¿Estoy loggeado: ?false
DEBUG - Evaluo segunda condicion...
DEBUG - Usuario argumento pasado: [john]
DEBUG - Evaluo primera condicion...
DEBUG - Soy el usuario: [admin]
DEBUG - ¿Estoy loggeado: ?false
DEBUG - Evaluo segunda condicion...
DEBUG - Usuario argumento pasado: [pepe]
DEBUG - HE ENTRADO EN LA SEGUNDA CONDICION
DEBUG - Evaluo primera condicion...
DEBUG - Soy el usuario: [admin]
DEBUG - ¿Estoy loggeado: ?false
DEBUG - Evaluo segunda condicion...
DEBUG - Usuario argumento pasado: [antonio]
DEBUG - HE ENTRADO EN LA SEGUNDA CONDICION
DEBUG - Evaluo primera condicion...
DEBUG - Soy el usuario: [admin]
DEBUG - ¿Estoy loggeado: ?false
DEBUG - Evaluo segunda condicion...
DEBUG - Usuario argumento pasado: [john]
DEBUG - HE ENTRADO EN LA SEGUNDA CONDICION
DEBUG - Evaluo primera condicion...
DEBUG - Soy el usuario: [admin]
DEBUG - ¿Estoy loggeado: ?false
DEBUG - Evaluo segunda condicion...
DEBUG - Usuario argumento pasado: [pojohn]
DEBUG - Evaluo primera condicion...
DEBUG - El user ahora es: 
DEBUG - Evaluo primera condicion...
DEBUG - Soy el usuario: [null]
DEBUG - ¿Estoy loggeado: ?false
ERROR - NO SOY EL ADMIN AQUI
DEBUG - Hace el login el admin...
DEBUG - Evaluo primera condicion...
DEBUG - Soy el usuario: [null]
DEBUG - ¿Estoy loggeado: ?false
ERROR - NO SOY EL ADMIN AQUI
DEBUG - Hace el login el admin...
DEBUG - Evaluo primera condicion...
DEBUG - Soy el usuario: [null]
DEBUG - ¿Estoy loggeado: ?false
ERROR - NO SOY EL ADMIN AQUI
DEBUG - Hace el login el admin...
DEBUG - Setteo el usuario actual como admin
DEBUG - Ahora el usuario actual es: admin
DEBUG - Evaluo primera condicion...
DEBUG - Soy el usuario: [null]
DEBUG - ¿Estoy loggeado: ?false
ERROR - NO SOY EL ADMIN AQUI
DEBUG - Hace el login el admin...
DEBUG - Setteo el usuario actual como admin
DEBUG - Ahora el usuario actual es: admin
DEBUG - Evaluo primera condicion...
DEBUG - Soy el usuario: [null]
DEBUG - ¿Estoy loggeado: ?false
ERROR - NO SOY EL ADMIN AQUI
DEBUG - Hace el login el admin...
DEBUG - Setteo el usuario actual como admin
DEBUG - Ahora el usuario actual es: admin
DEBUG - Evaluo primera condicion...
DEBUG - Soy el usuario: [null]
ERROR - NO SOY EL ADMIN AQUI
DEBUG - Hace el login el admin...
DEBUG - Setteo el usuario actual como admin
DEBUG - Ahora el usuario actual es: admin
DEBUG - Evaluo primera condicion...
DEBUG - Soy el usuario: [null]
ERROR - NO SOY EL ADMIN AQUI
DEBUG - Hace el login el admin...
DEBUG - Setteo el usuario actual como admin
DEBUG - Ahora el usuario actual es: admin
DEBUG - Evaluo primera condicion...
DEBUG - Soy el usuario: [null]
ERROR - NO SOY EL ADMIN AQUI
